2021-05-28 04:57:33.363037 PDT | [gher-pointmass2-SAC-750e-75s-disc0.9_2021_05_28_04_57_27_0000--s-10] Epoch 0 finished
-----------------------------  --------------
replay_buffer/size             2150
trainer/QF1 Loss                  3.40752
trainer/QF2 Loss                  3.41646
trainer/Policy Loss              -1.35279
trainer/Q1 Predictions Mean       0.00129357
trainer/Q1 Predictions Std        0.000376106
trainer/Q1 Predictions Max        0.00225375
trainer/Q1 Predictions Min        0.00050345
trainer/Q2 Predictions Mean      -0.00123105
trainer/Q2 Predictions Std        0.00122945
trainer/Q2 Predictions Max        0.000980886
trainer/Q2 Predictions Min       -0.00361038
trainer/Q Targets Mean            1.63955
trainer/Q Targets Std             0.850712
trainer/Q Targets Max             4.47459
trainer/Q Targets Min             0
trainer/Log Pis Mean             -1.35401
trainer/Log Pis Std               0.312358
trainer/Log Pis Max              -0.537296
trainer/Log Pis Min              -1.83455
trainer/Policy mu Mean            0.000819598
trainer/Policy mu Std             0.000709422
trainer/Policy mu Max             0.00181186
trainer/Policy mu Min            -0.000106686
trainer/Policy log std Mean       0.000838975
trainer/Policy log std Std        0.00211134
trainer/Policy log std Max        0.00325348
trainer/Policy log std Min       -0.00188256
trainer/Alpha                     0.997005
trainer/Alpha Loss               -0
exploration/num steps total    1075
exploration/num paths total      72
exploration/path length Mean     15
exploration/path length Std       0
exploration/path length Max      15
exploration/path length Min      15
exploration/Rewards Mean          0.15428
exploration/Rewards Std           0.362395
exploration/Rewards Max           2.14068
exploration/Rewards Min          -0
exploration/Returns Mean          2.31419
exploration/Returns Std           1.74263
exploration/Returns Max           4.45669
exploration/Returns Min           0.160323
exploration/Actions Mean         -0.0242393
exploration/Actions Std           0.617143
exploration/Actions Max           0.988068
exploration/Actions Min          -0.970255
exploration/Num Paths             5
exploration/Average Returns       2.31419
evaluation/num steps total     4995
evaluation/num paths total      333
evaluation/path length Mean      15
evaluation/path length Std        0
evaluation/path length Max       15
evaluation/path length Min       15
evaluation/Rewards Mean           0.00281678
evaluation/Rewards Std            0.00455305
evaluation/Rewards Max            0.0220585
evaluation/Rewards Min           -0
evaluation/Returns Mean           0.0422516
evaluation/Returns Std            0.0539069
evaluation/Returns Max            0.165828
evaluation/Returns Min            7.97885e-12
evaluation/Actions Mean           0.000822009
evaluation/Actions Std            0.00071306
evaluation/Actions Max            0.00173487
evaluation/Actions Min           -0.000140891
evaluation/Num Paths            333
evaluation/Average Returns        0.0422516
time/data storing (s)             0.87809
time/evaluation sampling (s)      1.67081
time/exploration sampling (s)     0.0346937
time/logging (s)                  0.0240997
time/saving (s)                   0.0617325
time/training (s)                 1.50869
time/epoch (s)                    4.17812
time/total (s)                   52.9903
Epoch                             0
-----------------------------  --------------
2021-05-28 04:57:37.802191 PDT | [gher-pointmass2-SAC-750e-75s-disc0.9_2021_05_28_04_57_27_0000--s-10] Epoch 1 finished
-----------------------------  --------------
replay_buffer/size             2300
trainer/QF1 Loss                  0.741973
trainer/QF2 Loss                  0.737742
trainer/Policy Loss              -3.04732
trainer/Q1 Predictions Mean       1.67679
trainer/Q1 Predictions Std        0.214018
trainer/Q1 Predictions Max        2.4133
trainer/Q1 Predictions Min        1.23779
trainer/Q2 Predictions Mean       1.67942
trainer/Q2 Predictions Std        0.222273
trainer/Q2 Predictions Max        2.44597
trainer/Q2 Predictions Min        1.21042
trainer/Q Targets Mean            1.64947
trainer/Q Targets Std             0.91472
trainer/Q Targets Max             5.0861
trainer/Q Targets Min             0
trainer/Log Pis Mean             -1.3634
trainer/Log Pis Std               0.147682
trainer/Log Pis Max              -1.10837
trainer/Log Pis Min              -2.10373
trainer/Policy mu Mean            0.00284679
trainer/Policy mu Std             0.016461
trainer/Policy mu Max             0.0238973
trainer/Policy mu Min            -0.0180741
trainer/Policy log std Mean      -0.141983
trainer/Policy log std Std        0.0206584
trainer/Policy log std Max       -0.103592
trainer/Policy log std Min       -0.176259
trainer/Alpha                     0.738413
trainer/Alpha Loss               -1.00986
exploration/num steps total    1150
exploration/num paths total      77
exploration/path length Mean     15
exploration/path length Std       0
exploration/path length Max      15
exploration/path length Min      15
exploration/Rewards Mean          0.0483639
exploration/Rewards Std           0.144726
exploration/Rewards Max           0.946933
exploration/Rewards Min          -0
exploration/Returns Mean          0.725459
exploration/Returns Std           0.866461
exploration/Returns Max           2.04655
exploration/Returns Min           7.97885e-12
exploration/Actions Mean         -0.0137361
exploration/Actions Std           0.600944
exploration/Actions Max           0.964604
exploration/Actions Min          -0.988447
exploration/Num Paths             5
exploration/Average Returns       0.725459
evaluation/num steps total     9990
evaluation/num paths total      666
evaluation/path length Mean      15
evaluation/path length Std        0
evaluation/path length Max       15
evaluation/path length Min       15
evaluation/Rewards Mean           0.0518136
evaluation/Rewards Std            0.075306
evaluation/Rewards Max            0.345122
evaluation/Rewards Min           -0
evaluation/Returns Mean           0.777205
evaluation/Returns Std            0.879834
evaluation/Returns Max            2.5702
evaluation/Returns Min            7.97885e-12
evaluation/Actions Mean           0.00284984
evaluation/Actions Std            0.0161589
evaluation/Actions Max            0.0245325
evaluation/Actions Min           -0.018518
evaluation/Num Paths            333
evaluation/Average Returns        0.777205
time/data storing (s)             0.96089
time/evaluation sampling (s)      1.70213
time/exploration sampling (s)     0.0310196
time/logging (s)                  0.0216603
time/saving (s)                   0.028761
time/training (s)                 1.53649
time/epoch (s)                    4.28095
time/total (s)                   57.4262
Epoch                             1
-----------------------------  --------------
2021-05-28 04:57:42.391718 PDT | [gher-pointmass2-SAC-750e-75s-disc0.9_2021_05_28_04_57_27_0000--s-10] Epoch 2 finished
-----------------------------  ---------------
replay_buffer/size              2450
trainer/QF1 Loss                   0.430995
trainer/QF2 Loss                   0.436001
trainer/Policy Loss               -2.82624
trainer/Q1 Predictions Mean        1.48742
trainer/Q1 Predictions Std         0.377505
trainer/Q1 Predictions Max         2.75741
trainer/Q1 Predictions Min         0.798981
trainer/Q2 Predictions Mean        1.50917
trainer/Q2 Predictions Std         0.403086
trainer/Q2 Predictions Max         2.85444
trainer/Q2 Predictions Min         0.80109
trainer/Q Targets Mean             1.55801
trainer/Q Targets Std              0.690512
trainer/Q Targets Max              4.57307
trainer/Q Targets Min              0
trainer/Log Pis Mean              -1.36137
trainer/Log Pis Std                0.171131
trainer/Log Pis Max               -0.989342
trainer/Log Pis Min               -1.79869
trainer/Policy mu Mean             0.00235414
trainer/Policy mu Std              0.013749
trainer/Policy mu Max              0.0172536
trainer/Policy mu Min             -0.0142903
trainer/Policy log std Mean       -0.105509
trainer/Policy log std Std         0.00360498
trainer/Policy log std Max        -0.0977532
trainer/Policy log std Min        -0.117875
trainer/Alpha                      0.546991
trainer/Alpha Loss                -2.0179
exploration/num steps total     1225
exploration/num paths total       82
exploration/path length Mean      15
exploration/path length Std        0
exploration/path length Max       15
exploration/path length Min       15
exploration/Rewards Mean           0.021415
exploration/Rewards Std            0.0830004
exploration/Rewards Max            0.596538
exploration/Rewards Min           -0
exploration/Returns Mean           0.321226
exploration/Returns Std            0.461625
exploration/Returns Max            1.19691
exploration/Returns Min            7.97885e-12
exploration/Actions Mean          -0.0335934
exploration/Actions Std            0.604698
exploration/Actions Max            0.996366
exploration/Actions Min           -0.970078
exploration/Num Paths              5
exploration/Average Returns        0.321226
evaluation/num steps total     14985
evaluation/num paths total       999
evaluation/path length Mean       15
evaluation/path length Std         0
evaluation/path length Max        15
evaluation/path length Min        15
evaluation/Rewards Mean            0.0391782
evaluation/Rewards Std             0.0601799
evaluation/Rewards Max             0.286529
evaluation/Rewards Min            -0
evaluation/Returns Mean            0.587673
evaluation/Returns Std             0.710178
evaluation/Returns Max             2.1465
evaluation/Returns Min             7.97885e-12
evaluation/Actions Mean            0.00212541
evaluation/Actions Std             0.0138562
evaluation/Actions Max             0.0171706
evaluation/Actions Min            -0.0137517
evaluation/Num Paths             333
evaluation/Average Returns         0.587673
time/data storing (s)              1.08391
time/evaluation sampling (s)       1.69938
time/exploration sampling (s)      0.0336022
time/logging (s)                   0.0224609
time/saving (s)                    0.0303321
time/training (s)                  1.53676
time/epoch (s)                     4.40644
time/total (s)                    62.0159
Epoch                              2
-----------------------------  ---------------
2021-05-28 04:57:47.402954 PDT | [gher-pointmass2-SAC-750e-75s-disc0.9_2021_05_28_04_57_27_0000--s-10] Epoch 3 finished
-----------------------------  ---------------
replay_buffer/size              2600
trainer/QF1 Loss                   0.522313
trainer/QF2 Loss                   0.468011
trainer/Policy Loss               -3.25679
trainer/Q1 Predictions Mean        1.9393
trainer/Q1 Predictions Std         0.541508
trainer/Q1 Predictions Max         3.63735
trainer/Q1 Predictions Min         1.04574
trainer/Q2 Predictions Mean        1.94158
trainer/Q2 Predictions Std         0.609904
trainer/Q2 Predictions Max         3.82969
trainer/Q2 Predictions Min         0.839849
trainer/Q Targets Mean             1.87405
trainer/Q Targets Std              0.887432
trainer/Q Targets Max              4.94852
trainer/Q Targets Min              0
trainer/Log Pis Mean              -1.38345
trainer/Log Pis Std                0.224887
trainer/Log Pis Max               -0.734597
trainer/Log Pis Min               -2.47882
trainer/Policy mu Mean             0.0221124
trainer/Policy mu Std              0.0827599
trainer/Policy mu Max              0.175403
trainer/Policy mu Min             -0.0950447
trainer/Policy log std Mean       -0.142998
trainer/Policy log std Std         0.0114268
trainer/Policy log std Max        -0.117115
trainer/Policy log std Min        -0.195854
trainer/Alpha                      0.40524
trainer/Alpha Loss                -3.04606
exploration/num steps total     1300
exploration/num paths total       87
exploration/path length Mean      15
exploration/path length Std        0
exploration/path length Max       15
exploration/path length Min       15
exploration/Rewards Mean           0.219286
exploration/Rewards Std            0.425355
exploration/Rewards Max            2.32979
exploration/Rewards Min           -0
exploration/Returns Mean           3.2893
exploration/Returns Std            3.30218
exploration/Returns Max            9.85308
exploration/Returns Min            1.29904
exploration/Actions Mean           0.0499212
exploration/Actions Std            0.58075
exploration/Actions Max            0.989289
exploration/Actions Min           -0.974625
exploration/Num Paths              5
exploration/Average Returns        3.2893
evaluation/num steps total     19980
evaluation/num paths total      1332
evaluation/path length Mean       15
evaluation/path length Std         0
evaluation/path length Max        15
evaluation/path length Min        15
evaluation/Rewards Mean            0.102166
evaluation/Rewards Std             0.250514
evaluation/Rewards Max             2.21087
evaluation/Rewards Min            -0
evaluation/Returns Mean            1.53249
evaluation/Returns Std             3.21387
evaluation/Returns Max            16.5691
evaluation/Returns Min             7.97885e-12
evaluation/Actions Mean            0.0203456
evaluation/Actions Std             0.0771861
evaluation/Actions Max             0.194046
evaluation/Actions Min            -0.106569
evaluation/Num Paths             333
evaluation/Average Returns         1.53249
time/data storing (s)              1.27846
time/evaluation sampling (s)       1.79421
time/exploration sampling (s)      0.0365555
time/logging (s)                   0.0249126
time/saving (s)                    0.0361632
time/training (s)                  1.65633
time/epoch (s)                     4.82662
time/total (s)                    67.0286
Epoch                              3
-----------------------------  ---------------
2021-05-28 04:57:52.600856 PDT | [gher-pointmass2-SAC-750e-75s-disc0.9_2021_05_28_04_57_27_0000--s-10] Epoch 4 finished
-----------------------------  ---------------
replay_buffer/size              2750
trainer/QF1 Loss                   0.56539
trainer/QF2 Loss                   0.528559
trainer/Policy Loss               -3.13431
trainer/Q1 Predictions Mean        1.94405
trainer/Q1 Predictions Std         0.605781
trainer/Q1 Predictions Max         4.41579
trainer/Q1 Predictions Min         0.840436
trainer/Q2 Predictions Mean        1.82975
trainer/Q2 Predictions Std         0.636662
trainer/Q2 Predictions Max         4.25658
trainer/Q2 Predictions Min         0.600167
trainer/Q Targets Mean             1.97664
trainer/Q Targets Std              0.951875
trainer/Q Targets Max              5.17331
trainer/Q Targets Min              0
trainer/Log Pis Mean              -1.31419
trainer/Log Pis Std                0.303671
trainer/Log Pis Max               -0.384172
trainer/Log Pis Min               -2.84914
trainer/Policy mu Mean            -0.0162578
trainer/Policy mu Std              0.126541
trainer/Policy mu Max              0.443867
trainer/Policy mu Min             -0.255763
trainer/Policy log std Mean       -0.12583
trainer/Policy log std Std         0.0166305
trainer/Policy log std Max        -0.0894815
trainer/Policy log std Min        -0.173136
trainer/Alpha                      0.300637
trainer/Alpha Loss                -3.97334
exploration/num steps total     1375
exploration/num paths total       92
exploration/path length Mean      15
exploration/path length Std        0
exploration/path length Max       15
exploration/path length Min       15
exploration/Rewards Mean           0.0990233
exploration/Rewards Std            0.277882
exploration/Rewards Max            1.31323
exploration/Rewards Min           -0
exploration/Returns Mean           1.48535
exploration/Returns Std            1.12957
exploration/Returns Max            3.58174
exploration/Returns Min            0.187458
exploration/Actions Mean          -0.0134507
exploration/Actions Std            0.600316
exploration/Actions Max            0.997209
exploration/Actions Min           -0.968471
exploration/Num Paths              5
exploration/Average Returns        1.48535
evaluation/num steps total     24975
evaluation/num paths total      1665
evaluation/path length Mean       15
evaluation/path length Std         0
evaluation/path length Max        15
evaluation/path length Min        15
evaluation/Rewards Mean            0.230606
evaluation/Rewards Std             0.432519
evaluation/Rewards Max             4.65695
evaluation/Rewards Min            -0
evaluation/Returns Mean            3.45909
evaluation/Returns Std             5.27355
evaluation/Returns Max            29.4502
evaluation/Returns Min             7.97885e-12
evaluation/Actions Mean           -0.00755133
evaluation/Actions Std             0.14156
evaluation/Actions Max             0.459283
evaluation/Actions Min            -0.277893
evaluation/Num Paths             333
evaluation/Average Returns         3.45909
time/data storing (s)              1.20337
time/evaluation sampling (s)       2.09001
time/exploration sampling (s)      0.0395707
time/logging (s)                   0.0226706
time/saving (s)                    0.0318891
time/training (s)                  1.56527
time/epoch (s)                     4.95278
time/total (s)                    72.2231
Epoch                              4
-----------------------------  ---------------
2021-05-28 04:57:57.718818 PDT | [gher-pointmass2-SAC-750e-75s-disc0.9_2021_05_28_04_57_27_0000--s-10] Epoch 5 finished
-----------------------------  ---------------
replay_buffer/size              2900
trainer/QF1 Loss                   0.412167
trainer/QF2 Loss                   0.379719
trainer/Policy Loss               -3.42245
trainer/Q1 Predictions Mean        2.17142
trainer/Q1 Predictions Std         0.851594
trainer/Q1 Predictions Max         4.87691
trainer/Q1 Predictions Min         0.772731
trainer/Q2 Predictions Mean        2.19806
trainer/Q2 Predictions Std         0.884332
trainer/Q2 Predictions Max         4.56434
trainer/Q2 Predictions Min         0.746805
trainer/Q Targets Mean             2.06725
trainer/Q Targets Std              0.981979
trainer/Q Targets Max              6.14337
trainer/Q Targets Min              0
trainer/Log Pis Mean              -1.28672
trainer/Log Pis Std                0.329969
trainer/Log Pis Max               -0.0635324
trainer/Log Pis Min               -2.01012
trainer/Policy mu Mean            -0.0201194
trainer/Policy mu Std              0.172742
trainer/Policy mu Max              0.401481
trainer/Policy mu Min             -0.347804
trainer/Policy log std Mean       -0.103557
trainer/Policy log std Std         0.0152616
trainer/Policy log std Max        -0.0847634
trainer/Policy log std Min        -0.157173
trainer/Alpha                      0.224043
trainer/Alpha Loss                -4.907
exploration/num steps total     1450
exploration/num paths total       97
exploration/path length Mean      15
exploration/path length Std        0
exploration/path length Max       15
exploration/path length Min       15
exploration/Rewards Mean           0.0534582
exploration/Rewards Std            0.170121
exploration/Rewards Max            1.19475
exploration/Rewards Min           -0
exploration/Returns Mean           0.801872
exploration/Returns Std            1.32502
exploration/Returns Max            3.4412
exploration/Returns Min            7.97885e-12
exploration/Actions Mean          -0.0627726
exploration/Actions Std            0.570863
exploration/Actions Max            0.980669
exploration/Actions Min           -0.965784
exploration/Num Paths              5
exploration/Average Returns        0.801872
evaluation/num steps total     29970
evaluation/num paths total      1998
evaluation/path length Mean       15
evaluation/path length Std         0
evaluation/path length Max        15
evaluation/path length Min        15
evaluation/Rewards Mean            0.240781
evaluation/Rewards Std             0.553362
evaluation/Rewards Max             5.80373
evaluation/Rewards Min            -0
evaluation/Returns Mean            3.61171
evaluation/Returns Std             6.58828
evaluation/Returns Max            35.7982
evaluation/Returns Min             7.97885e-12
evaluation/Actions Mean           -0.0243225
evaluation/Actions Std             0.174804
evaluation/Actions Max             0.566917
evaluation/Actions Min            -0.487535
evaluation/Num Paths             333
evaluation/Average Returns         3.61171
time/data storing (s)              1.21705
time/evaluation sampling (s)       1.95977
time/exploration sampling (s)      0.0352614
time/logging (s)                   0.021207
time/saving (s)                    0.0311463
time/training (s)                  1.58904
time/epoch (s)                     4.85348
time/total (s)                    77.3386
Epoch                              5
-----------------------------  ---------------
2021-05-28 04:58:03.156672 PDT | [gher-pointmass2-SAC-750e-75s-disc0.9_2021_05_28_04_57_27_0000--s-10] Epoch 6 finished
-----------------------------  ---------------
replay_buffer/size              3050
trainer/QF1 Loss                   0.696664
trainer/QF2 Loss                   0.714599
trainer/Policy Loss               -3.01673
trainer/Q1 Predictions Mean        2.18816
trainer/Q1 Predictions Std         1.10182
trainer/Q1 Predictions Max         5.3249
trainer/Q1 Predictions Min         0.311972
trainer/Q2 Predictions Mean        2.11948
trainer/Q2 Predictions Std         1.11666
trainer/Q2 Predictions Max         5.36348
trainer/Q2 Predictions Min         0.122552
trainer/Q Targets Mean             2.2586
trainer/Q Targets Std              1.22715
trainer/Q Targets Max              8.80752
trainer/Q Targets Min              0
trainer/Log Pis Mean              -0.742761
trainer/Log Pis Std                0.941222
trainer/Log Pis Max                1.15087
trainer/Log Pis Min               -6.25178
trainer/Policy mu Mean            -0.0526076
trainer/Policy mu Std              0.571698
trainer/Policy mu Max              1.25626
trainer/Policy mu Min             -1.15333
trainer/Policy log std Mean       -0.302738
trainer/Policy log std Std         0.0755485
trainer/Policy log std Max        -0.163658
trainer/Policy log std Min        -0.508105
trainer/Alpha                      0.169473
trainer/Alpha Loss                -4.86112
exploration/num steps total     1525
exploration/num paths total      102
exploration/path length Mean      15
exploration/path length Std        0
exploration/path length Max       15
exploration/path length Min       15
exploration/Rewards Mean           0.187347
exploration/Rewards Std            0.425324
exploration/Rewards Max            2.49287
exploration/Rewards Min           -0
exploration/Returns Mean           2.81021
exploration/Returns Std            2.55979
exploration/Returns Max            6.31643
exploration/Returns Min            0.0429477
exploration/Actions Mean          -0.0218976
exploration/Actions Std            0.621046
exploration/Actions Max            0.93579
exploration/Actions Min           -0.989087
exploration/Num Paths              5
exploration/Average Returns        2.81021
evaluation/num steps total     34965
evaluation/num paths total      2331
evaluation/path length Mean       15
evaluation/path length Std         0
evaluation/path length Max        15
evaluation/path length Min        15
evaluation/Rewards Mean            0.363425
evaluation/Rewards Std             1.16147
evaluation/Rewards Max            13.1592
evaluation/Rewards Min            -0
evaluation/Returns Mean            5.45138
evaluation/Returns Std            10.7649
evaluation/Returns Max            65.9123
evaluation/Returns Min             7.97885e-12
evaluation/Actions Mean           -0.0549188
evaluation/Actions Std             0.606628
evaluation/Actions Max             0.977921
evaluation/Actions Min            -0.925059
evaluation/Num Paths             333
evaluation/Average Returns         5.45138
time/data storing (s)              1.25781
time/evaluation sampling (s)       1.91396
time/exploration sampling (s)      0.0378029
time/logging (s)                   0.019483
time/saving (s)                    0.0333022
time/training (s)                  1.83487
time/epoch (s)                     5.09723
time/total (s)                    82.7735
Epoch                              6
-----------------------------  ---------------
2021-05-28 04:58:09.233914 PDT | [gher-pointmass2-SAC-750e-75s-disc0.9_2021_05_28_04_57_27_0000--s-10] Epoch 7 finished
-----------------------------  ---------------
replay_buffer/size              3200
trainer/QF1 Loss                   0.507836
trainer/QF2 Loss                   0.484491
trainer/Policy Loss               -2.84687
trainer/Q1 Predictions Mean        2.39676
trainer/Q1 Predictions Std         1.44439
trainer/Q1 Predictions Max         8.71758
trainer/Q1 Predictions Min         0.267352
trainer/Q2 Predictions Mean        2.41013
trainer/Q2 Predictions Std         1.37042
trainer/Q2 Predictions Max         7.89715
trainer/Q2 Predictions Min         0.172667
trainer/Q Targets Mean             2.50323
trainer/Q Targets Std              1.59822
trainer/Q Targets Max              9.24363
trainer/Q Targets Min              0
trainer/Log Pis Mean              -0.266588
trainer/Log Pis Std                1.39611
trainer/Log Pis Max                3.5951
trainer/Log Pis Min               -8.91848
trainer/Policy mu Mean             0.0422068
trainer/Policy mu Std              0.835732
trainer/Policy mu Max              1.54449
trainer/Policy mu Min             -1.81676
trainer/Policy log std Mean       -0.443735
trainer/Policy log std Std         0.115864
trainer/Policy log std Max        -0.172589
trainer/Policy log std Min        -0.875702
trainer/Alpha                      0.1309
trainer/Alpha Loss                -4.60367
exploration/num steps total     1600
exploration/num paths total      107
exploration/path length Mean      15
exploration/path length Std        0
exploration/path length Max       15
exploration/path length Min       15
exploration/Rewards Mean           0.0107404
exploration/Rewards Std            0.0460726
exploration/Rewards Max            0.32894
exploration/Rewards Min           -0
exploration/Returns Mean           0.161106
exploration/Returns Std            0.133798
exploration/Returns Max            0.334127
exploration/Returns Min            2.18795e-05
exploration/Actions Mean          -0.0312369
exploration/Actions Std            0.767589
exploration/Actions Max            0.989618
exploration/Actions Min           -0.997286
exploration/Num Paths              5
exploration/Average Returns        0.161106
evaluation/num steps total     39960
evaluation/num paths total      2664
evaluation/path length Mean       15
evaluation/path length Std         0
evaluation/path length Max        15
evaluation/path length Min        15
evaluation/Rewards Mean            0.451733
evaluation/Rewards Std             1.26281
evaluation/Rewards Max            13.2067
evaluation/Rewards Min            -0
evaluation/Returns Mean            6.77599
evaluation/Returns Std            10.863
evaluation/Returns Max            75.8143
evaluation/Returns Min             7.97885e-12
evaluation/Actions Mean            0.0589717
evaluation/Actions Std             0.75279
evaluation/Actions Max             0.960577
evaluation/Actions Min            -0.965635
evaluation/Num Paths             333
evaluation/Average Returns         6.77599
time/data storing (s)              1.32282
time/evaluation sampling (s)       1.93679
time/exploration sampling (s)      0.0358149
time/logging (s)                   0.0222296
time/saving (s)                    0.0331784
time/training (s)                  2.39749
time/epoch (s)                     5.74833
time/total (s)                    88.8527
Epoch                              7
-----------------------------  ---------------
2021-05-28 04:58:15.326667 PDT | [gher-pointmass2-SAC-750e-75s-disc0.9_2021_05_28_04_57_27_0000--s-10] Epoch 8 finished
-----------------------------  ----------------
replay_buffer/size              3350
trainer/QF1 Loss                   1.10996
trainer/QF2 Loss                   0.717187
trainer/Policy Loss               -3.06897
trainer/Q1 Predictions Mean        3.25344
trainer/Q1 Predictions Std         2.51138
trainer/Q1 Predictions Max        17.4273
trainer/Q1 Predictions Min         0.141793
trainer/Q2 Predictions Mean        3.2074
trainer/Q2 Predictions Std         2.35188
trainer/Q2 Predictions Max        16.0627
trainer/Q2 Predictions Min        -0.0180857
trainer/Q Targets Mean             3.05159
trainer/Q Targets Std              2.21792
trainer/Q Targets Max             11.7512
trainer/Q Targets Min              0
trainer/Log Pis Mean               0.308753
trainer/Log Pis Std                2.00064
trainer/Log Pis Max                6.78974
trainer/Log Pis Min               -6.86594
trainer/Policy mu Mean            -0.425636
trainer/Policy mu Std              0.985371
trainer/Policy mu Max              1.75054
trainer/Policy mu Min             -2.77712
trainer/Policy log std Mean       -0.41137
trainer/Policy log std Std         0.0988008
trainer/Policy log std Max        -0.193718
trainer/Policy log std Min        -0.74231
trainer/Alpha                      0.105197
trainer/Alpha Loss                -3.80549
exploration/num steps total     1675
exploration/num paths total      112
exploration/path length Mean      15
exploration/path length Std        0
exploration/path length Max       15
exploration/path length Min       15
exploration/Rewards Mean           0.0125872
exploration/Rewards Std            0.0423899
exploration/Rewards Max            0.252153
exploration/Rewards Min           -0
exploration/Returns Mean           0.188808
exploration/Returns Std            0.123547
exploration/Returns Max            0.381307
exploration/Returns Min            0.0215611
exploration/Actions Mean          -0.370028
exploration/Actions Std            0.691475
exploration/Actions Max            0.994992
exploration/Actions Min           -0.99778
exploration/Num Paths              5
exploration/Average Returns        0.188808
evaluation/num steps total     44955
evaluation/num paths total      2997
evaluation/path length Mean       15
evaluation/path length Std         0
evaluation/path length Max        15
evaluation/path length Min        15
evaluation/Rewards Mean            0.473928
evaluation/Rewards Std             1.59641
evaluation/Rewards Max            13.7882
evaluation/Rewards Min             2.58968e-219
evaluation/Returns Mean            7.10892
evaluation/Returns Std            16.5842
evaluation/Returns Max            97.8335
evaluation/Returns Min             0.00641548
evaluation/Actions Mean           -0.344488
evaluation/Actions Std             0.761868
evaluation/Actions Max             0.987006
evaluation/Actions Min            -0.997355
evaluation/Num Paths             333
evaluation/Average Returns         7.10892
time/data storing (s)              1.40465
time/evaluation sampling (s)       1.99459
time/exploration sampling (s)      0.0391314
time/logging (s)                   0.0229713
time/saving (s)                    0.0318708
time/training (s)                  2.2342
time/epoch (s)                     5.72742
time/total (s)                    94.945
Epoch                              8
-----------------------------  ----------------
2021-05-28 04:58:21.601241 PDT | [gher-pointmass2-SAC-750e-75s-disc0.9_2021_05_28_04_57_27_0000--s-10] Epoch 9 finished
-----------------------------  ---------------
replay_buffer/size              3500
trainer/QF1 Loss                   1.3938
trainer/QF2 Loss                   1.3931
trainer/Policy Loss               -3.0436
trainer/Q1 Predictions Mean        3.25411
trainer/Q1 Predictions Std         2.00249
trainer/Q1 Predictions Max        11.1532
trainer/Q1 Predictions Min         0.228735
trainer/Q2 Predictions Mean        3.37267
trainer/Q2 Predictions Std         2.0753
trainer/Q2 Predictions Max        11.5251
trainer/Q2 Predictions Min         0.253507
trainer/Q Targets Mean             3.35344
trainer/Q Targets Std              2.52509
trainer/Q Targets Max             13.7774
trainer/Q Targets Min              0
trainer/Log Pis Mean               0.550811
trainer/Log Pis Std                1.81491
trainer/Log Pis Max                5.11222
trainer/Log Pis Min               -5.18428
trainer/Policy mu Mean            -0.286961
trainer/Policy mu Std              1.15079
trainer/Policy mu Max              2.24596
trainer/Policy mu Min             -2.05413
trainer/Policy log std Mean       -0.446619
trainer/Policy log std Std         0.118105
trainer/Policy log std Max        -0.128541
trainer/Policy log std Min        -0.914191
trainer/Alpha                      0.0882733
trainer/Alpha Loss                -3.51554
exploration/num steps total     1750
exploration/num paths total      117
exploration/path length Mean      15
exploration/path length Std        0
exploration/path length Max       15
exploration/path length Min       15
exploration/Rewards Mean           0.123536
exploration/Rewards Std            0.42896
exploration/Rewards Max            2.62721
exploration/Rewards Min           -0
exploration/Returns Mean           1.85303
exploration/Returns Std            2.73207
exploration/Returns Max            7.19114
exploration/Returns Min            7.97885e-12
exploration/Actions Mean          -0.123141
exploration/Actions Std            0.821569
exploration/Actions Max            0.997506
exploration/Actions Min           -0.998199
exploration/Num Paths              5
exploration/Average Returns        1.85303
evaluation/num steps total     49950
evaluation/num paths total      3330
evaluation/path length Mean       15
evaluation/path length Std         0
evaluation/path length Max        15
evaluation/path length Min        15
evaluation/Rewards Mean            0.671398
evaluation/Rewards Std             1.79393
evaluation/Rewards Max            12.6204
evaluation/Rewards Min            -0
evaluation/Returns Mean           10.071
evaluation/Returns Std            15.3303
evaluation/Returns Max            77.8682
evaluation/Returns Min             7.97885e-12
evaluation/Actions Mean           -0.16952
evaluation/Actions Std             0.800586
evaluation/Actions Max             0.996215
evaluation/Actions Min            -0.994164
evaluation/Num Paths             333
evaluation/Average Returns        10.071
time/data storing (s)              1.45568
time/evaluation sampling (s)       1.98233
time/exploration sampling (s)      0.0362842
time/logging (s)                   0.0231692
time/saving (s)                    0.0320727
time/training (s)                  2.3063
time/epoch (s)                     5.83584
time/total (s)                   101.219
Epoch                              9
-----------------------------  ---------------
